@0000000000000000
F4F4F4F4F4F4F4F4F4F4F4F4F4F4F4F4F4F4F4F4F4F40EBB735A71586D40EA0F
1032547698BADCFEEFCDAB89674523010766076A0722003F008000400038E000
75737069206D65726F4C0056000000C8F4F4F4F4F4F4F4F4F4F4F4F4F4F4F4F4
64612072757465746365736E6F63202C74656D612074697320726F6C6F64206D
7473656C6F6D2064692065757173697551202E74696C6520676E696373697069
7574696261727543202E697564206D75727475722063656E202C6F656C206569
73206F726562696C206361206D617571696C61202C736F726520636E756E2072
50202E74736520737562696375616620646F6D73697565202C74656D61207469
F4F42E74656D6120657571736972656C6563732061646976617267206E696F72
F4F4F4F4F4F4F4F4F4F4F4F4F4F4F4F4F4F4F4F4F4F4F4F4F4F4F4F4F4F4F4F4
F4F4F4F4F4F4F4F4F4F4F4F4F4F4F4F4F4F4F4F4F4F4F4F4F4F4F4F4F4F4F4F4
F4F4F4F4F4F4F4F4F4F4F4F4F4F4F4F4F4F4F4F4F4F4F4F4F4F4F4F4F4F4F4F4
1DBA6946675AB74716E81602148163420202148114A194BF5480654463416158
37001921080314BF56E033001900D2671261526014BF40406345778279817180
061E05D20270023001F000400030076A0ED077037702770171001921D0230FFB
16110C0716110C0716110C0716110C0707660010FFC00722053A04FC06BE064A
17100B0417100B0417100B0417100B04140E0905140E0905140E0905140E0905
0F0E0D0C0B0A09080706050403020100150F0A06150F0A06150F0A06150F0A06
020F0C090603000D0A0704010E0B08050C07020D08030E09040F0A05000B0601
C1BDCEEE242070DBE8C7B756D76AA47809020B040D060F08010A030C050E0700
895CD7BEFFFF5BB18B44F7AF698098D8FD469501A83046134787C62AF57C0FAF
E9B6C7AA265E5A51C040B340F61E256249B40821A679438EFD9871936B901122
455A14EDF4D50D87C33707D621E1CDE6E7D3FBC8D8A1E68102441453D62F105D
FDE5380C6D9D61228771F681FFFA39428D2A4C8A676F02D9FCEFA3F8A9E3E905
04881D05D4EF3085EAA127FA289B7EC6BEBFBC70F6BB4B604BDECFA9A4BEEA44
FC93A039AB9423A7432AFF97F4292244C4AC56651FA27CF8E6DB99E5D9D4D039
4E0811A1A3014314FE2CE6E06FA87E4F85845DD1FFEFF47D8F0CCC92655B59C3
6342614E778056E01DBE7B801DBEEB2FEB86D3912AD7D2BBBD3AF235F7537E82
D2D3738012E10A655243D266127F526067804080654C7582738171801DBA6541
738171801DBC62406000122210426341D4A255231825903F50E36E8615415266
7582738171801DBA1484124410046941D4A2D262D02252635023153F133E113D
190369444100694A738171801DBC6301610019026945D4E24100694A410019E0
0C0512302000110369434100694A738171801DBC6301610019026940D4A22500
12426341D4A255231822903F50E34100694B71801DBE10607980758169816580
70801DA46381618014816341D4A254A315234080654A738171801DBC62416040
62817182608073816301718061001DB8081316FF6942654116E456E00F957281
B14F04071001634DA14F0FEB192414A4728170801DA4638161804000614A7383
2BC1D92829C07040E22011052BCFD92829CE6F410F66714010011261927F6140
2BC9D92829C817052BC7D92829C615052BC5D92829C413052BC3D92829C21105
71801DB80FFFF4F40E016FC0EE021D872FCDDDA82DCC1B462DCBDB682BCA1905
D021D41F10011002D491D251D01156A114835661542163866184778375827381
738171801DB4C1C01DAC678365826381618075877786148114806387618516C0
08031B380E1356E054A008031B30698616601420638861877B85798477837582
D4A108021B3F1960D6E2D4A208031B3E1960D6E4D4A408031B3C1960D6E8D4A8
1B3C1960D258D01808031B380E1356E054A008031B30192F1922993F6986D6E1
758716C01481D251D01108021B3F1960D252D01208031B3E1960D254D0140803
A185798477837582738171801DB6C1C01DAE6B85698467836582638161807788
A585798777867585192216E214A269876786658510425480903F5240A587A386
1DB2C1C01DAC698467836582638161807387718612C4590294BF56C2A987A786
618273886381718761804FCE7580738271816589638861877F86758573847183
903F94BF5401A386A185798477837582738171801DB6C1C01DAE6F8565846383
10226587638661855602903F5001927F903F94BF5401A3875002903F5001927F
5401A3875002903F5001927F903F94BF5401A386A18575877386718514A21262
1DB6C1C01DAC69846783658263816180798777865802903F5001927F903F94BF
5001927F903F94BF5401A186927F5240903FA387A18579847783758273817180
927F5240903FA387A18575877386718514A2126210226587638661855602903F
1DAC69846783658263816180798777865802903F5001927F903F94BF5401A186
2400080E16FF0207148114A1943F63856186678477837582738171801DB8C1C0
6582638161800FF934402400127F103F080516FF124310030FF9126110213440
F4F4F4F4F4F4F4F4C1C01DAE6783
